[RUN #0 3 5]
-779 970 -23
-120 -4 666
-197 -135 266
520 -949 650
146 205 835
[RUN #1 3 12]
-475 51 -772
674 -247 99
-946 -600 664
-687 784 -243
-509 -73 -266
-299 -414 773
-32 -192 -476
-642 123 655
-113 -748 -436
-936 662 -266
-284 633 -669
-571 -845 -503
[RUN #2 3 12]
-45 489 60
11 911 -612
462 85 458
749 8 -198
-499 741 196
-218 -80 -451
-96 -535 301
-266 784 965
958 -435 -576
-102 -208 -106
997 -287 -790
-119 -474 -154
[RUN #3 3 12]
152 -833 509
561 729 987
-330 819 -163
-437 -825 -342
593 328 -335
683 -6 269
-841 -948 920
185 661 -819
20 -910 990
29 785 898
628 523 -992
873 -973 998
[RUN #4 3 12]
-530 -187 -776
609 258 -459
-964 -608 932
672 -131 168
-565 -472 114
358 -828 -230
17 816 -553
-812 976 617
-987 296 -312
-260 -83 -396
-164 -507 242
-722 417 445
[RUN #5 3 12]
-132 952 -889
807 415 618
-784 -168 500
-500 267 351
-670 -753 251
-124 836 585
-904 348 928
576 149 -372
628 -374 -159
773 307 -81
958 824 -429
397 -1000 645
[RUN #6 3 6]
371 182 445
-988 -623 -966
-628 -146 839
562 -782 415
-263 -25 717
-187 132 566
[RUN #7 3 12]
204 455 674
968 220 641
-130 -24 83
201 -47 -501
-686 720 -984
-786 660 -552
-908 -879 998
-246 -312 931
805 836 -924
-529 -977 -727
-117 -276 756
752 750 -369
[RUN #8 3 12]
551 192 728
-843 136 -140
682 -931 719
-205 404 -948
-492 -558 -103
786 63 239
-202 407 347
895 115 948
33 263 -325
-710 706 610
86 52 -864
-972 -981 971
[RUN #9 3 12]
-572 -943 -326
454 -82 424
-555 378 991
476 219 127
667 -148 -54
-669 482 262
-623 -470 508
554 308 885
-260 640 637
533 725 865
666 490 -873
285 -191 -118
[RUN #10 3 12]
-912 -947 -848
134 -371 974
-114 -880 -594
-998 -875 416
-406 461 431
-816 226 -830
509 802 928
-506 -601 782
95 -955 -427
-444 -586 -578
344 98 207
-929 716 -687
[RUN #11 3 12]
-309 -147 -483
697 778 836
2 -746 -182
124 -794 881
545 186 -456
-384 152 -260
-752 684 5
-767 -884 -981
648 -861 -287
835 775 -958
-19 -961 -188
149 -589 -291
[RUN #12 3 100]
355 292 -764
-234 37 -472
349 389 -257
261 622 300
-113 -487 612
-248 -864 -621
-993 -68 480
702 440 -870
999 -146 -67
-820 -203 -257
604 -535 662
-318 -18 -634
-978 783 993
847 152 952
-94 5 -906
831 3 437
-280 -408 -400
-225 -755 184
-517 728 -750
952 620 -706
415 -867 450
-846 453 436
-852 217 -238
190 -831 511
377 931 -677
-181 927 699
203 112 -355
-775 -556 -501
-570 -819 4
968 -743 806
-37 599 -293
347 283 -609
-624 -764 593
445 779 -61
593 -29 618
796 -396 495
-692 -291 -461
-81 -8 -417
266 987 922
-68 811 -96
192 -722 -339
-925 900 -763
40 -559 985
32 853 660
284 -614 974
690 -975 -793
179 188 332
-570 17 104
-48 -914 228
219 -591 977
971 -642 187
-36 -841 93
717 -859 284
-708 142 157
998 314 246
536 878 826
-880 479 -254
-493 -438 -688
-306 460 814
-853 154 774
854 2 170
-533 3 -878
347 105 -69
-939 749 -492
276 432 477
799 -728 -116
233 -904 -713
884 851 378
-668 640 8
69 -978 938
-977 -328 -519
466 54 495
987 -21 547
-599 467 -279
418 749 896
475 951 655
-522 757 -875
787 138 -644
-163 273 -562
5 -469 86
-813 -186 -406
535 -451 271
449 -921 981
470 -552 -391
-780 -373 188
589 569 -928
-886 980 574
534 736 38
-137 896 984
-717 -283 685
961 -965 187
-950 61 352
-919 -331 -395
-454 364 583
518 419 692
344 767 469
-445 -716 -44
-124 180 -437
-369 -871 -488
-822 485 468
[RUN #13 3 100]
452 -53 347
-36 -461 421
-999 495 905
-92 657 -763
502 -449 25
747 -606 577
-617 -335 -882
741 -932 -159
405 155 596
-618 632 -94
848 -443 481
-539 -312 -60
-43 -23 -393
-974 965 -737
-303 -101 508
-499 209 168
804 307 443
-802 896 -964
-792 -759 817
-133 756 783
-408 377 693
-119 992 480
-229 477 863
677 514 -20
-481 508 836
383 931 184
633 513 -741
92 3 918
-463 -753 -616
667 70 922
873 -783 -371
688 148 738
869 929 -355
-672 960 760
346 681 526
462 -899 -365
-891 766 -347
-46 808 328
-870 -987 -415
502 -826 537
-254 792 890
-692 -988 -669
-734 -108 -19
-506 -917 -656
-753 -950 205
929 489 595
821 -417 -11
-901 997 631
813 858 -766
434 376 406
310 -378 -892
725 -380 -170
743 -866 6
681 -487 581
-287 640 -3
872 -719 24
481 228 835
545 961 -616
84 124 -882
115 540 -331
-72 927 2
-17 -993 869
388 109 -974
-83 939 796
125 160 627
998 365 -477
446 -377 42
-548 -277 -291
-743 681 352
-46 939 354
-463 348 960
-861 -655 551
-659 -488 -1000
-560 -314 552
-297 -987 -810
-780 -770 59
867 146 -566
480 -519 850
-630 984 112
145 846 322
157 649 -60
-150 691 251
212 602 -897
210 671 420
-271 931 592
-815 327 257
-953 696 -959
687 872 20
-437 498 -132
600 -487 242
-689 -561 447
-119 -165 106
-528 -118 493
293 -317 145
309 864 717
581 -747 745
379 596 -90
648 -238 228
-542 53 -139
-81 899 -764
[RUN #14 3 100]
474 873 -88
633 -964 999
-561 -290 -725
-47 418 -637
-454 541 -121
907 200 -113
466 779 963
694 693 -25
-62 763 728
-895 943 130
-301 -697 -645
537 70 791
-242 -336 240
-260 169 -714
485 -945 -235
-18 860 256
273 -278 871
-724 -387 -483
-927 -171 667
-45 821 -558
978 101 705
743 -113 -292
450 -451 -284
120 688 749
-912 821 426
710 -672 265
42 224 34
-837 -685 -47
671 -462 -889
-87 -240 -282
793 -627 159
227 923 64
651 -711 519
-621 -344 281
694 -876 762
549 -109 -465
-961 547 -407
-37 66 935
954 504 453
688 764 837
625 806 807
290 -469 442
60 287 970
470 12 -195
98 641 -814
-271 670 -893
-978 14 761
-854 -842 -585
746 -346 79
-671 -566 -132
-309 -563 975
790 997 -384
215 -88 334
-459 882 -713
618 734 -693
-257 -702 -519
317 -723 247
-416 -640 -726
-156 -228 557
503 611 860
-987 598 578
688 -5 445
-770 4 -884
973 -808 194
-794 529 -491
-282 -59 -787
-117 559 -830
-335 -938 147
-937 -612 787
-549 425 -731
106 -117 760
73 6 -301
-988 -569 413
709 342 955
-828 840 -609
461 -692 777
406 -861 572
-440 -362 247
352 -879 987
-431 475 407
867 -945 -706
-796 90 -962
39 -275 158
923 682 -401
93 367 -202
-479 -796 -673
170 604 489
620 478 412
681 292 -974
556 -896 224
545 -938 84
380 346 319
-586 917 483
-679 152 -650
883 -547 296
620 316 -294
-833 -455 -50
-248 839 -892
-889 512 48
-661 188 -533
[RUN #15 3 100]
-813 -754 418
-205 881 -630
378 -249 -255
-933 946 -996
-901 903 -437
-519 -801 -970
-610 -33 109
921 391 -584
523 275 -939
-891 -332 987
-218 581 -783
346 776 -255
-617 -521 829
793 -882 -311
628 -567 -670
-67 -997 -740
-771 711 -3
452 -396 886
38 878 -422
66 782 -932
-529 -716 892
-183 -501 -146
893 599 -759
-113 429 -123
191 764 139
-850 -324 644
-436 -100 680
-946 458 -771
-74 431 960
218 -312 306
-58 -71 -225
503 179 -616
397 -466 -568
-916 665 45
402 722 -158
-109 329 -907
-738 -957 769
-268 -861 -539
-865 392 -788
105 -40 -33
-223 -270 208
830 869 -721
-187 -705 -460
-429 342 -354
-486 901 261
636 -307 934
998 222 243
-428 541 -287
-864 484 -590
-445 308 416
572 -449 -564
-969 -357 126
719 929 -527
589 -477 973
591 -96 958
-606 -151 -102
-661 -618 471
-942 -252 30
-53 323 -416
546 -425 771
737 -581 241
-983 248 -738
-899 -751 166
-696 -437 879
-851 -364 570
608 336 397
-603 268 -695
-621 -333 428
779 746 -617
-658 417 617
-881 263 -350
-284 -479 -176
-75 -4 770
-982 -550 393
-641 -132 -435
-36 -310 755
366 663 765
-466 538 -534
-480 517 -512
-365 -699 -118
-429 975 -198
955 -499 113
787 -20 802
501 635 -687
-379 -638 921
969 917 -3
-753 -145 896
705 -408 887
459 624 493
-917 742 38
-14 -427 -310
-2 555 -62
612 -874 -775
524 513 747
-491 740 423
-735 -180 -123
250 391 300
-465 -877 -669
-841 -412 84
785 728 509
[RUN #16 3 100]
638 -628 -581
650 976 657
300 283 -846
835 176 -341
-681 955 843
421 911 992
194 40 910
-294 -481 -843
-11 -170 -858
380 -848 -756
519 897 959
-732 -397 -601
-558 273 -70
846 128 30
422 -902 899
469 -127 -70
-498 264 -381
-642 -19 799
-999 523 883
888 494 -273
-668 -33 -813
813 693 -815
931 -295 -181
56 465 -315
-580 -643 -516
465 839 348
246 91 -20
-312 283 -68
-494 253 -33
811 306 586
680 -1000 757
587 -766 -822
977 -835 940
-409 -129 -944
-410 -637 -186
-914 -265 -815
12 -394 -712
-98 -602 -249
-119 -94 584
-410 731 -955
-519 669 -686
-981 383 -750
633 787 -935
983 773 361
650 -323 -195
-358 -600 599
898 621 852
-24 441 -509
-926 427 -437
353 -425 715
-855 372 653
678 244 861
-690 -257 -23
726 -186 -951
-34 571 -25
898 -692 654
55 -529 763
228 877 202
235 -257 116
-549 152 -865
483 -944 959
575 -389 935
279 733 -513
152 131 35
643 -289 976
-46 224 -735
-62 -849 -346
-66 80 -473
265 183 -901
907 -602 -819
965 79 826
670 351 472
-43 973 192
306 287 799
-251 898 302
861 -132 539
196 779 -594
159 -170 231
201 -721 430
487 -185 -322
649 186 217
481 769 -375
463 526 525
-832 375 -258
-748 -113 18
343 803 -815
-417 -423 -406
-636 309 -9
916 -791 936
465 -767 -592
248 -848 -918
312 -552 840
-663 619 -805
449 -617 -508
-556 -875 228
-530 -724 -221
459 -133 865
123 796 688
-277 379 -375
-389 745 219
[RUN #17 3 100]
-44 -914 -616
940 -97 366
865 -422 -411
676 -454 -843
-69 847 -275
-986 -429 489
-834 -257 -923
-209 736 803
-776 -155 -202
322 -741 191
-373 -872 972
-780 352 335
-785 -946 239
-484 459 -858
-774 448 -609
-200 -253 -533
-813 -473 181
-828 113 87
424 217 -393
-362 -870 -924
605 -374 -628
-983 -856 -129
963 145 -681
-452 -35 -290
47 -445 394
-211 -200 -260
-308 -997 -275
-409 268 -20
-699 679 -456
580 450 -55
-498 -847 -712
563 187 -655
-891 548 -25
-810 -714 -134
-968 -454 -505
-863 383 798
-476 -573 418
-111 -949 691
-106 -208 335
584 242 988
-727 -893 894
-825 128 -331
-587 -894 -672
-175 -814 789
85 106 902
36 -411 -53
-815 -595 -247
347 -320 -801
528 -816 674
-515 800 -858
-456 -826 139
993 -931 778
-587 113 966
442 525 -278
-612 304 -301
-835 -730 -114
68 -939 406
581 -699 440
-318 557 -930
-887 977 -446
-29 -203 -835
141 -176 685
947 -460 959
-650 -815 436
-973 -141 453
-575 583 346
403 -431 -691
-950 759 -834
-124 591 165
851 -614 302
684 763 762
197 735 -705
-733 618 516
-950 219 -760
-839 945 558
-321 482 -323
361 -33 656
-639 702 -368
951 611 -424
793 610 -443
-508 -363 677
948 770 -647
-195 673 345
-866 -190 575
408 -856 -357
1 580 919
64 833 561
809 96 404
-567 -642 494
-94 79 -990
-778 361 -169
-119 412 -396
415 -170 -886
179 78 635
-239 927 578
-540 69 -916
253 -130 -181
13 692 -866
174 -866 -500
699 -212 697
[RUN #18 3 100]
-780 104 -96
-355 -776 580
380 419 -971
967 412 -998
-168 884 615
-962 602 348
-509 138 363
185 -260 -528
847 692 -922
211 -458 886
-234 67 302
413 -153 -298
-558 795 -460
-795 218 -364
-6 648 -488
410 192 -583
504 -305 472
-449 -23 -1
-534 -964 -408
190 -751 -822
211 -39 136
-983 -87 -395
461 -712 75
269 -402 -814
17 714 -867
757 582 953
-848 731 -932
200 50 -112
638 -431 -325
703 -500 149
-765 531 451
-827 476 924
-266 759 740
-766 -318 250
-429 278 637
-72 -409 -10
392 789 712
-382 -826 -401
-526 807 569
-996 -655 141
360 -995 -263
149 42 651
-129 298 884
571 -609 476
-168 -677 -624
733 -91 908
-495 803 -169
331 292 510
-692 292 -984
592 -287 -701
-217 -189 613
419 891 732
704 478 -530
492 557 -62
565 242 -660
489 -670 147
846 -875 -754
573 791 -932
-391 -554 69
162 -206 -952
-780 -948 374
744 -164 558
-315 -185 -515
-657 54 -728
211 530 -307
-545 656 551
-813 610 562
693 -57 435
-820 955 16
52 281 450
-737 59 216
293 -499 317
-361 397 -678
-288 -398 -649
570 -946 -917
-611 779 92
518 413 -179
264 -105 440
356 992 -541
-384 -388 358
-228 -338 139
-300 -803 672
821 715 -319
146 218 -144
-165 -711 333
-618 -482 -49
804 -827 -104
654 369 -619
256 246 -303
-700 -263 202
441 609 661
-776 857 171
-642 -279 655
722 137 -707
986 -21 422
-745 837 132
-156 -281 514
225 790 840
-939 621 -312
-409 766 633
[RUN #19 3 100]
-196 -814 452
952 -234 -485
-438 -938 454
415 -880 -174
-164 -873 597
-302 375 -176
790 -822 422
-804 585 -458
-363 743 377
-174 -97 926
266 -737 -759
-370 881 -282
-384 -821 73
230 -621 320
805 -95 61
-133 936 -271
-864 828 -133
-878 -590 787
235 -562 780
75 -137 487
232 -731 57
73 636 221
-655 185 -10
893 18 433
845 -362 -336
63 849 -949
-982 594 -660
86 838 295
601 -392 -807
-919 391 109
-799 344 -407
-710 770 926
-851 -831 641
988 -604 -937
-269 793 -225
-520 171 71
-829 -1 688
-389 -811 570
915 -260 77
511 23 -606
-313 -245 342
-833 110 -862
-23 -810 358
222 -22 268
118 -1 390
-864 -989 555
941 96 859
-232 744 616
-48 -368 904
-982 574 -208
-264 -723 300
721 -147 753
850 258 -857
531 374 -186
-389 -584 668
-717 505 457
-17 588 177
-980 438 -278
635 -29 -342
800 230 -218
-921 -656 966
-144 103 -963
-348 834 -590
868 484 231
-880 361 416
-523 916 114
931 267 -610
-430 -465 657
-3 548 -402
1 989 59
273 664 286
556 -403 -560
621 -103 -230
990 469 744
173 269 -462
46 -447 -886
757 286 -746
-126 228 795
174 4 831
750 96 483
146 943 19
954 292 -714
897 177 479
-417 -164 847
451 390 -183
635 -969 -234
-90 277 -464
-480 764 -216
-318 -849 57
-148 -535 673
453 190 748
632 -435 489
-763 371 752
931 462 -575
287 288 -64
26 414 -670
743 292 81
795 102 -592
334 145 -179
-474 604 501
[RUN #20 3 100]
195 821 246
180 572 91
-6 676 967
725 912 -827
48 403 123
456 702 670
954 -886 570
-696 -31 844
119 147 762
650 932 -304
858 940 -483
-463 377 247
478 23 542
-758 558 129
975 -790 -148
-445 -31 -212
-516 74 282
470 196 398
-738 300 591
223 575 333
777 420 708
939 -829 -10
112 839 -491
-339 -660 309
105 809 554
-732 -487 871
271 -426 176
-369 873 610
593 416 -292
653 -744 -345
-428 328 -292
526 -356 904
115 72 369
-300 484 -407
-38 -320 -700
802 -221 -15
-522 705 733
592 -785 -830
-559 426 746
-952 -161 611
930 892 639
656 -983 -1000
-520 -877 -412
561 -203 822
-857 -794 463
-1 567 -444
-72 332 -55
-95 -204 273
-8 -393 -503
971 -223 981
-330 650 603
663 482 -835
10 701 -632
-714 -181 362
-981 454 -339
176 -70 -73
480 153 -183
174 -183 37
60 73 405
353 864 138
360 -698 -906
-896 -881 146
-22 286 -909
107 -761 362
414 57 -557
30 -997 -593
962 988 746
-313 -530 -484
512 645 19
-127 966 -201
488 -256 -700
-875 -349 917
461 -313 -143
-394 -398 -788
-348 806 500
-548 -558 970
145 360 -182
-552 -542 -605
98 573 479
379 393 421
-553 504 -874
-785 -215 -312
780 304 370
781 -560 828
-481 -820 598
-484 -342 368
5 248 -532
860 969 707
790 -555 231
-499 -334 430
934 666 -647
712 -662 -739
128 571 -817
-293 -830 17
-80 865 301
547 -74 -517
-694 299 -545
-637 77 267
-953 308 284
-186 -633 -577
[RUN #21 3 100]
750 -158 -651
707 619 696
-835 673 335
40 -349 643
-131 551 -574
-80 -653 855
-850 652 -914
-735 300 -151
-165 -68 -174
927 186 -533
905 -186 -178
-364 -223 424
473 -594 510
-534 834 503
4 110 -670
-937 504 826
6 -160 -369
-107 504 278
-302 504 -143
818 307 -556
58 819 698
955 693 679
-637 974 241
269 913 -795
120 851 711
527 593 778
990 178 -819
521 371 -655
-23 -593 537
-122 -389 -787
-887 312 -882
79 -821 827
-883 674 967
561 83 -704
921 -766 671
747 878 203
-221 672 -703
-239 -468 -510
907 -105 -231
-969 -862 56
-940 -113 -387
715 -117 995
237 280 -516
-775 725 -977
693 647 -77
-33 651 -510
789 -33 -444
168 -419 855
-800 -22 396
-534 -762 396
420 -579 -280
491 -970 -331
47 -15 835
-987 168 -198
186 444 -20
-542 431 -976
-383 -985 538
223 668 368
493 -800 956
110 -836 485
548 -537 -888
-566 976 -522
-537 -812 928
77 167 -324
-366 920 -581
-764 -878 357
-520 5 -337
-695 -691 668
694 807 -756
-501 58 -623
-337 739 430
145 503 -864
-946 -391 662
-119 562 -799
-455 335 -745
817 852 78
361 -592 -585
-656 670 489
606 -687 813
394 498 334
323 84 966
-235 891 507
333 320 476
-557 838 5
-374 -565 -473
-574 -326 -56
28 819 -648
-810 -718 -392
302 -818 579
-760 796 647
301 -624 -629
-817 -694 938
-338 753 440
-974 -904 -755
-892 53 593
929 6 295
-183 747 358
-800 602 -602
760 838 -443
715 917 591
[RUN #22 3 100]
-445 -635 -889
783 398 -424
798 97 789
-206 731 -147
-824 889 -559
-347 -227 -732
322 248 -858
236 -347 -838
-27 -276 814
171 874 851
672 708 476
156 723 25
280 540 287
870 772 -645
-607 635 -200
-600 645 -368
421 981 -776
-990 69 556
-594 -981 -818
-742 -180 -55
87 -987 633
466 -558 29
-798 39 538
-350 500 350
-896 668 743
693 -656 298
-551 67 -854
-140 -376 831
-535 14 434
-157 235 -771
898 747 -991
-376 -255 830
-901 -512 451
-553 521 317
-189 -544 683
-327 392 956
-631 796 -361
-890 566 980
-864 905 676
-792 -270 -882
-858 687 -556
-443 -25 294
-6 -489 -428
-332 456 -440
454 46 -976
923 203 51
-559 -491 95
60 -380 260
385 8 -934
-265 673 -790
857 577 -438
-10 -662 101
246 -903 902
54 427 366
-375 -572 641
-31 -612 55
-718 668 -78
483 -551 34
-427 521 -572
146 -741 -455
652 -262 -636
-420 -454 -161
570 9 975
602 799 891
5 26 982
-429 -427 -859
-392 -797 -325
227 -399 976
984 -386 -541
78 -280 799
787 235 474
353 -295 -428
580 -466 742
113 -47 768
146 -80 -950
697 616 780
-790 -33 143
-965 503 -974
633 335 743
-1 499 -667
-700 577 316
-263 142 -852
-627 -594 282
-219 617 358
695 353 330
469 569 886
26 -255 -484
837 -17 -188
-628 522 -279
72 -461 398
-287 215 -724
-591 192 -467
-581 391 69
128 698 711
343 79 820
-332 566 -165
-396 -129 766
955 -458 -156
-249 513 300
-904 692 -620
[RUN #23 3 100]
81 -726 929
-56 -834 977
439 -714 451
846 -623 -919
-61 151 495
147 373 338
-95 -491 -340
912 363 401
-205 -402 -519
-598 663 835
770 -156 -190
346 -840 -636
-56 195 -98
859 -957 -887
-302 -744 -176
136 -195 137
-999 -819 933
965 375 320
-101 -964 -930
47 457 -49
-813 -544 414
702 -418 -402
142 817 589
-101 -600 -94
561 650 -227
705 -708 -326
530 976 -242
268 -849 -909
-870 -933 863
-460 -293 107
2 -694 871
262 -557 -692
247 417 -384
-451 -923 -264
-461 876 764
700 24 650
212 -605 803
771 606 143
-301 394 -16
-997 -776 -216
-445 -281 -820
-22 47 -653
-781 -901 927
-259 971 333
769 386 -914
-328 255 173
44 387 952
-162 471 901
662 537 107
990 -159 712
-250 463 971
354 480 -616
-229 33 -891
166 280 962
-479 390 123
-862 -115 -168
954 40 14
6 -960 -561
573 -883 441
-763 -340 398
481 -142 939
694 -95 -988
349 -170 -37
-977 -717 536
129 -266 723
-42 -372 -163
661 284 413
-151 440 -944
932 645 364
69 413 -898
281 -930 677
912 -17 258
-630 643 -115
-782 336 82
-213 -2 458
-130 957 724
-409 -907 -874
-896 -443 -398
-425 -507 946
-518 58 78
316 -846 952
-80 -136 663
-663 -247 -439
-364 700 -341
855 52 184
622 97 791
47 513 504
898 -387 272
-761 -554 -675
397 -606 310
-395 -876 -633
412 233 -328
14 350 -204
-115 -486 874
727 -42 27
-999 644 596
-585 -197 607
262 -998 -91
896 -284 430
-996 -449 793
[RUN #24 3 100]
-95 238 -152
177 363 -727
120 45 166
673 390 545
-124 -138 -566
760 627 827
-198 177 804
895 -16 639
863 877 729
453 -115 -317
691 155 185
798 -818 404
72 677 31
269 84 -561
-419 649 577
960 -1000 -387
544 731 -508
-74 -612 503
-478 30 -319
-46 861 161
-361 -128 783
-793 -387 158
451 -799 900
554 158 -1
517 -65 -658
-831 -40 609
-571 713 -893
503 -727 -213
986 910 176
313 -932 -333
-360 274 808
256 419 -918
338 755 -641
-911 -13 192
-424 -983 43
-623 199 397
253 434 86
-497 446 216
-101 574 681
82 491 391
-983 -508 -633
-644 -442 -695
8 -916 539
974 -481 305
889 -63 -968
-647 -665 251
-49 642 -442
739 603 827
-930 -537 -91
-977 -3 780
-457 -468 844
249 915 685
164 531 992
-231 914 299
-362 679 49
-646 -976 169
-331 -200 -208
846 -312 -257
-889 532 626
860 453 -991
926 328 156
852 425 -631
-372 -690 -805
103 -334 -963
335 -367 -408
-864 454 343
-479 55 885
-508 -771 -268
-469 -830 -475
484 -380 -556
206 161 634
86 732 444
101 -978 839
-822 816 552
356 -685 636
-860 832 -749
-39 -961 -272
-663 957 -788
-717 701 -757
-421 20 -404
805 969 -511
284 432 754
476 205 -507
605 0 -981
831 289 -388
-345 349 -564
-353 924 -143
119 273 -982
-952 -476 348
466 565 179
384 -70 173
416 -212 -627
-763 -608 -349
-722 342 -844
480 642 462
-975 -643 475
-503 663 -987
-622 -863 -116
-701 234 -61
-302 -772 -773
[RUN #25 3 100]
-139 -740 149
-414 -531 -269
290 -9 -997
648 123 -215
782 239 -644
770 -444 629
-745 698 -831
573 968 -587
296 628 -995
-146 -852 693
-736 458 517
-734 173 -756
413 120 32
249 -123 -173
-854 490 378
-570 122 307
-336 660 864
614 -21 977
-945 917 42
548 76 387
-956 765 -331
-557 -633 722
975 127 -272
435 628 653
748 -120 -705
679 -583 392
548 173 -136
955 36 80
790 905 441
-719 -370 440
-112 -156 -997
366 -533 919
-107 -392 920
95 253 736
-403 935 538
-569 -743 -571
649 -854 -542
230 140 681
-711 -339 -858
-890 -285 -486
-723 91 -556
-976 884 -224
-453 -642 719
553 -928 -455
252 522 986
615 383 -626
-887 -959 516
321 983 -836
66 -96 -392
572 990 280
-931 -43 313
-239 254 -698
-539 -232 -408
-202 260 943
172 -933 -800
-917 -623 -626
255 -653 411
636 475 847
733 843 375
-744 -453 -955
802 -545 -861
-748 -856 171
-508 -482 -340
287 158 -126
292 -57 -937
-159 959 610
-767 -149 980
76 896 748
564 675 -15
-267 142 28
190 -914 -693
-51 723 282
554 -84 404
522 858 -165
388 831 771
438 -550 469
443 180 -252
-141 -312 -88
128 233 374
-411 930 624
-930 -617 -286
223 -158 -428
27 139 876
-201 126 -40
-907 276 991
344 597 -921
440 -481 697
735 411 -49
-116 643 -637
362 397 961
1 -165 -166
784 577 -680
-532 896 -194
66 -498 451
681 978 -526
-362 -393 -129
942 -282 562
948 -118 -177
-188 -755 128
-433 -558 -404
[RUN #26 3 100]
-967 -865 692
-519 784 820
190 -425 -993
354 801 380
-605 512 876
-955 -898 21
-991 202 -723
-315 -551 -133
875 895 -163
82 -488 -325
-78 878 -296
303 78 -476
645 -692 -715
716 -107 -741
795 733 707
88 -944 260
-294 -153 773
-436 -472 60
128 -731 524
-223 558 -183
835 697 803
-657 -541 484
-511 332 -342
521 213 761
-95 743 -270
-206 -77 -748
-470 737 811
-736 179 768
-384 -677 -935
338 -388 -643
872 960 -906
138 -530 28
537 -260 946
-394 -477 905
428 -9 160
-188 -384 38
-238 -754 -407
584 -385 985
-717 -845 -250
48 -846 -943
651 443 -463
188 263 -222
-417 -27 -179
198 -549 -501
-914 911 269
118 -260 -589
-175 334 -859
381 -555 286
204 555 730
-256 451 627
423 142 489
-745 -244 165
-127 -388 -871
495 -121 697
-71 -878 240
-214 933 -351
-196 107 -795
793 -250 5
86 166 902
-503 -784 -993
691 -250 141
191 246 535
-247 326 -280
-547 -301 556
-679 13 552
-395 -569 -821
185 849 -685
729 181 -661
390 621 -928
351 289 55
846 544 16
-408 154 -920
175 790 -794
-666 285 -279
-625 -80 599
-557 -531 -458
857 686 319
992 -56 -26
220 -721 172
-603 351 -377
-704 -333 977
986 734 8
-161 459 -155
-492 305 -2
671 49 -222
592 -602 948
45 191 582
314 774 -966
706 -742 -948
-495 266 439
216 932 552
-907 -978 418
-287 55 -461
-187 -174 -292
560 -969 358
36 -937 21
319 -285 -320
-775 -889 -795
771 183 -771
-38 745 104
[RUN #27 3 100]
-437 107 233
553 24 -200
-856 -291 132
-253 -262 -822
-711 797 -416
331 816 735
-61 -647 368
475 -644 -575
202 -905 18
-183 77 97
-992 -297 837
-783 -164 307
882 712 490
-592 -883 -146
616 -91 199
-219 -929 739
679 -935 -210
-622 217 224
-598 -256 526
-164 -575 745
498 -891 705
-440 -401 91
321 -943 -80
-805 59 -144
526 263 -222
965 335 488
-186 598 -177
-161 -492 760
181 -328 -931
-645 742 549
-651 605 706
-916 -839 -190
677 -958 -907
-349 485 774
-954 -23 269
-249 -239 -284
877 -810 245
877 340 -147
440 662 -880
-238 -759 -118
961 537 818
441 946 158
-449 -490 155
294 808 -32
126 -981 612
-998 -836 581
184 -478 45
-400 696 826
493 -328 171
-465 698 479
-642 837 -494
241 -471 183
385 -348 623
-999 868 460
353 379 56
191 533 -764
-706 -810 727
-119 -686 -731
-959 -267 -107
-897 -959 177
472 276 979
407 577 78
374 405 -988
-159 324 -719
-292 -843 465
468 25 -416
726 -301 251
-230 184 498
248 -897 -601
-853 -414 727
-941 -373 -869
189 559 -619
-882 -340 847
77 161 -303
973 -342 -502
953 267 -781
-902 -469 -38
-472 452 -462
543 -466 -568
843 171 -867
479 809 255
-88 145 -154
145 627 -357
-949 -789 -887
-977 -809 -855
955 13 -418
420 220 152
-352 966 -336
726 -261 352
197 709 498
403 -439 889
-534 -477 -663
815 112 -525
-397 -442 -296
-317 605 -672
940 -540 791
-317 435 779
55 -603 495
759 75 145
292 525 400
[RUN #28 3 100000]
681 -42 565
-83 -917 246
-898 677 597
887 681 948
33 938 -617
-929 -38 -308
-494 -40 480
-558 296 -930
559 -3 310
-113 -627 -643
-540 124 -470
-703 316 -567
654 -76 -570
722 339 -183
-700 -726 -446
541 -919 -693
267 157 -859
257 478 840
-995 -292 -801
-757 288 914
438 -433 -330
-371 85 -669
77 -746 146
398 270 879
-449 65 934
734 -837 333
180 569 -858
140 -575 -436
123 -384 250
-873 129 253
570 981 584
-920 -456 607
-926 549 -613
598 -470 212
-771 -325 839
-311 -646 211
-617 877 -663
-382 -761 -832
-867 -893 -855
-273 496 -801
-662 867 844
-860 -230 723
47 -927 -108
183 -799 -980
-709 208 -971
153 -746 -580
749 -397 663
-415 -124 830
593 283 -188
-209 415 -57
381 823 122
132 -214 -287
-229 84 283
760 158 -158
767 998 525
-431 -315 963
389 -379 270
-277 602 -923
16 -498 -167
-793 912 740
-873 452 -423
-781 295 583
775 427 558
227 -387 -979
-82 794 -869
-998 -556 88
-860 903 51
897 -82 -353
900 -245 533
966 244 183
617 894 177
457 -609 81
792 969 912
-248 -376 39
893 -725 -742
584 -245 -195
21 -355 -149
116 -540 -718
-879 160 -841
780 386 977
-543 525 231
960 253 696
123 96 316
617 730 407
-269 -829 -774
841 -655 622
392 -638 498
-666 363 375
-410 644 -617
805 -397 338
580 756 902
437 -938 -970
-810 -374 -181
368 -923 835
-738 52 66
-869 -220 273
-843 562 309
-193 -137 -506
87 -528 764
-787 202 470
842 -683 -835
-72 350 -85
-266 488 911
14 317 622
4 23 -300
430 -597 -917
650 -59 -449
-960 121 797
[RUN #29 5 10]
641 895 611 -774 -753
611 565 -945 604 259
54 561 218 613 604
87 -765 225 167 -632
401 -309 -246 593 232
836 -180 -9 999 600
-497 -316 -514 -271 895
-653 -470 -836 -237 846
-887 784 837 -772 -404
-135 -157 -217 727 871
[RUN #30 3 100]
-589 289 -595
428 959 -696
482 745 908
586 -578 -364
-213 -160 27
721 -100 753
655 -104 -380
-509 -507 312
447 191 -341
-461 67 396
272 -195 -923
-210 197 -659
-615 -95 297
-54 -21 -603
774 -732 990
517 688 350
-902 -551 -534
988 -347 -613
977 -843 -770
-832 -277 637
-20 -906 340
-321 784 753
-546 -980 -145
836 682 -379
386 16 -495
-110 714 -367
-893 769 -662
459 -665 672
648 -815 -971
866 915 -744
380 -232 -728
-284 -771 95
429 148 -420
-942 -665 798
-333 22 -734
-491 -25 -205
-183 -759 897
-70 -361 374
906 -614 -481
588 449 -937
-515 -636 -34
-230 39 -202
708 -829 23
569 937 235
407 -796 414
-794 244 -351
-793 614 -77
-409 30 -422
423 -728 -474
-141 489 500
-752 596 -864
-606 562 -473
36 362 420
-193 36 814
727 -960 530
829 224 284
-21 -353 -904
-836 -600 -842
-876 343 -957
991 -203 -724
-635 -683 262
829 567 942
-24 -645 145
-174 813 -783
402 530 -776
-310 -230 805
-377 89 170
-744 509 681
771 -529 583
790 48 422
75 981 -31
899 -32 72
884 -927 -637
-738 -391 557
761 -997 -590
806 181 300
-971 -407 793
547 926 -737
10 -452 50
492 -38 693
450 547 -788
260 -289 -475
863 -552 603
181 962 -399
762 -195 296
496 545 -671
-987 578 548
365 -986 -599
-272 807 -901
276 773 -904
-511 -486 -38
841 -820 -867
275 -783 -131
154 -515 460
-913 744 282
563 53 -106
-570 214 91
-232 927 500
-616 990 779
-75 745 -102
[RUN #31 3 100]
-201 -907 -725
831 250 -390
-155 367 65
-771 -149 596
167 -576 -20
929 889 -428
508 -731 426
68 133 555
466 -593 -786
849 168 946
850 630 973
-17 206 -633
580 -267 -262
680 354 -822
791 793 900
829 -255 -421
-25 -785 155
675 157 67
-535 995 329
932 91 -188
172 -29 306
-842 174 -712
-85 -810 716
767 -899 201
82 -224 288
-531 -888 -73
-192 -477 508
273 283 -993
169 -156 731
700 -763 771
-621 -620 54
-418 416 -420
963 -674 -457
-888 676 -479
-243 -221 -516
-531 970 -680
-658 -549 413
-514 -695 -307
397 -473 -489
287 -140 -989
-138 -417 -702
-205 -571 119
-971 456 -59
-601 669 -725
322 -607 -656
696 626 539
165 -40 -781
537 -271 338
459 216 -658
88 983 -163
37 -560 561
424 76 202
513 -654 -579
-991 607 804
-451 574 -20
430 855 514
-711 226 192
-907 -868 305
390 -207 -327
-588 91 581
989 -62 -265
-176 -421 -325
-880 32 350
97 758 972
257 461 160
-353 -436 -240
486 580 -922
438 743 418
380 -741 810
381 -646 -2
-396 720 722
555 498 412
527 -341 373
-849 -952 -627
840 -197 86
-239 283 -678
902 644 218
461 -727 82
882 -542 918
782 -887 -326
532 -745 -960
-394 -365 -537
386 -16 500
729 357 940
477 338 907
-301 -763 381
-692 -882 730
-264 -784 -174
954 697 -480
-387 815 177
-534 -895 481
-725 624 881
-719 -630 -699
503 -287 828
344 557 -772
-678 697 -511
-470 962 -548
540 -755 342
38 470 205
-874 -337 12
[RUN #32 3 100]
481 440 -603
-213 -775 -831
959 -496 756
-188 912 -1
61 626 -133
-472 -475 -727
775 -2 706
157 -466 -502
-924 980 470
-294 182 -896
-107 -425 467
484 -563 728
24 998 677
-852 941 764
-117 597 -545
629 -10 -286
-420 -61 293
368 -45 28
474 -320 -636
957 -566 -276
196 67 -86
17 -449 129
-830 -246 -505
-986 788 0
-494 -681 553
884 -856 -329
-637 -386 -88
-464 -893 -544
-285 434 221
584 788 -497
-537 -561 339
-65 532 706
171 855 478
742 -535 -478
-511 294 897
-623 571 631
-523 701 -745
892 -524 330
620 472 778
873 390 103
546 345 -628
-504 -365 822
-5 615 -776
-249 60 -400
-69 35 622
-610 861 682
-452 -530 944
-679 355 451
788 -759 -499
-504 497 -375
117 -426 627
425 824 514
-561 979 954
-803 363 437
985 952 270
852 -486 899
-170 -628 -240
108 -102 557
-391 -161 -581
121 -716 361
732 832 -39
310 -206 794
755 -39 -164
989 -209 32
722 -306 948
-337 278 -864
246 846 415
704 -109 -673
-126 -667 809
-73 979 146
-989 237 -119
487 930 967
874 -579 225
-199 -867 468
-711 -348 965
-562 -904 478
982 228 454
693 -491 976
798 -152 175
-771 130 157
-1 -982 660
636 -938 5
302 93 -497
[RUN #33 3 100]
371 863 71
190 663 788
-892 362 -235
697 235 901
-479 -639 -761
-762 -709 -626
-791 278 -589
-584 815 -538
213 -873 236
-149 806 888
669 -548 -745
-18 -98 789
648 157 72
-13 -346 -277
-19 -775 -531
484 887 35
-659 -14 -424
-740 579 -115
-459 -958 804
166 130 -538
947 -685 399
838 -983 624
530 -399 169
510 430 908
239 -509 609
649 -420 -818
-356 -278 -136
793 321 -552
995 97 -664
-707 -418 577
-760 -765 -78
802 959 -312
914 -183 -625
575 -912 255
210 112 988
647 636 -252
882 -521 71
-343 35 942
64 718 -676
-68 -236 769
230 827 802
992 409 921
832 -622 107
285 -813 829
-752 630 680
944 443 -377
328 -64 -773
411 346 332
-684 -200 -884
274 -795 275
255 921 -926
762 -448 -958
5 929 251
17 -473 674
163 -231 -631
-435 -516 918
-402 -423 -745
-937 -384 47
686 917 889
435 731 -676
-541 152 247
286 529 -166
-591 458 -712
655 -227 525
-758 -316 483
-684 574 -626
857 -117 -279
-574 -659 -923
-541 -325 -763
723 846 -812
-931 -782 -88
-677 -660 405
-217 785 530
668 459 -369
811 290 -224
963 -444 193
-293 -661 650
-30 -385 689
-926 824 -575
-709 917 -896
-85 265 203
926 -532 -704
-173 621 -788
172 -608 -624
-560 46 -27
-590 -898 -105
741 -334 783
265 -348 -661
167 -114 -699
72 386 -808
-106 -64 -473
-117 -468 971
983 -35 -97
167 291 -876
784 178 -73
-416 -776 -307
830 756 210
846 -646 684
761 507 961
-531 853 372
[RUN #34 3 100]
514 -63 -932
-670 -985 -475
801 836 -16
298 720 911
341 600 -924
699 306 -26
-759 176 708
997 -594 526
678 -907 -168
271 -9 -425
0 519 -992
-636 -847 -602
791 -298 82
395 -726 -952
-789 -336 -232
167 676 494
270 786 61
-836 -478 990
-516 409 -323
-708 626 680
-547 -898 -413
321 -826 -494
-915 47 440
479 189 -364
-368 -304 -235
-26 564 674
667 831 -556
860 706 -191
429 353 234
-573 -356 -680
952 963 196
314 731 103
-84 822 213
-636 -139 131
937 -608 -884
-686 -183 -855
-944 -90 876
403 234 574
686 -732 -204
-416 -399 -106
206 937 -867
-149 -162 -857
-281 718 454
-494 412 -78
-801 -919 107
936 -860 -375
-236 225 -746
-928 990 962
34 -251 -648
302 -966 530
-162 910 204
724 938 328
-475 527 430
847 -424 912
-737 710 -19
-691 -125 153
197 500 -336
-609 -588 413
635 -884 -5
-674 426 371
321 532 261
-797 334 -889
-576 -136 -686
966 -419 -449
-277 775 -996
-609 398 -602
-588 40 -870
956 327 -87
-198 986 556
801 291 -370
-111 982 -34
-786 888 581
-956 -680 -59
697 -868 -202
521 -278 -160
738 184 -971
313 -344 -384
228 20 -987
-728 -527 -941
-135 -414 399
651 611 -189
-992 639 654
348 -491 754
932 -436 14
137 129 380
449 -305 651
-44 855 955
-74 117 -868
-168 180 -476
983 -931 -615
-500 309 -237
465 774 -39
-822 691 -242
278 -541 803
528 400 -407
-437 -558 -113
-788 -127 33
-604 180 119
-671 -758 -74
-683 -509 -436
[RUN #35 3 100]
-574 -425 606
842 324 313
-755 -937 -663
-87 -502 472
876 838 -354
-622 -660 14
-238 953 672
-566 -245 646
-403 -207 856
-381 144 -226
-902 179 -702
-854 -992 -326
-943 -884 932
889 -38 890
629 242 83
-160 413 -55
-694 -476 -770
915 -120 -977
-501 105 -564
-642 -873 325
666 -654 -44
949 115 469
310 -804 695
-663 -838 -50
-453 223 -993
664 -918 467
-403 -959 -139
277 -887 52
-399 -819 113
626 -874 150
686 90 874
576 108 -766
221 -660 604
-429 831 872
-457 578 234
-136 -833 507
-604 228 793
-180 205 -587
976 357 119
-401 -186 -562
708 -937 -71
602 -412 121
-298 478 627
263 384 -463
-279 551 509
656 -138 555
941 -47 -761
-422 -96 209
697 766 673
-127 -932 -467
919 -757 -50
2 659 -709
-83 -726 -6
-878 -794 -165
95 -672 333
-240 94 -644
-46 20 -203
83 -412 -987
-96 259 274
413 846 813
191 -195 338
184 661 735
-659 -75 -733
588 417 643
-192 -224 397
-665 -171 681
-10 820 -296
-781 -771 -143
-439 -605 465
623 -154 -383
-179 -120 198
-210 981 -14
177 578 -316
-932 905 326
150 808 552
-418 -135 986
-457 -223 34
-750 -535 -902
851 996 -171
-40 697 248
-140 555 -127
243 767 -558
-643 611 -446
-627 -165 662
899 736 655
-71 -574 653
-603 138 616
-224 696 162
-936 432 728
699 -296 -751
-592 -241 853
-246 161 -926
-670 68 379
-246 -602 15
30 267 877
-629 953 579
952 604 -787
-391 -616 750
-126 -165 -405
-988 387 -423
[RUN #36 3 100]
910 -248 -464
602 -372 -920
511 -715 -522
683 747 823
-707 347 -527
965 -522 -710
-482 -347 -56
-463 -519 -93
188 755 4
-8 -569 -401
-591 -661 301
-780 -806 -904
836 -228 735
-856 876 -740
[RUN #37 3 100]
-148 297 899
-702 -708 569
-925 -647 661
-440 397 377
786 -368 -390
-957 -980 -269
948 500 -751
738 759 -807
-276 988 -290
-260 416 508
724 334 446
-956 -751 808
-951 -960 -115
-85 650 -16
-548 857 -531
-855 -217 -236
556 171 540
-541 835 245
613 588 -646
-817 545 -357
-682 -831 -238
-776 -861 523
-441 728 -794
-946 -711 479
994 444 902
-513 187 922
645 -514 -466
-827 714 -149
-756 -638 -356
-329 790 -400
66 490 -957
-723 -92 -440
133 -355 394
-321 249 -116
508 -749 -861
520 141 770
-7 -172 -392
-951 -732 145
165 -548 618
-254 -553 971
-102 851 631
786 869 -52
-36 -503 381
-236 996 110
448 503 390
-569 128 205
-609 -620 -492
985 -683 795
168 -196 -665
-978 -912 -255
-473 596 -115
-615 -732 736
-572 105 850
507 822 -711
-619 441 -133
-961 489 282
143 126 -696
709 -803 -420
829 721 -687
-208 -813 994
826 -406 -32
313 426 -372
511 -6 -262
917 -126 -381
616 726 -958
557 -423 -97
828 -496 796
-676 835 508
457 282 -108
-774 300 158
-440 939 -100
50 -149 -196
198 504 243
-795 -464 -711
-92 -753 200
-861 -522 108
334 -381 -290
-563 -970 555
-475 -884 -408
288 729 -700
-542 -807 319
-607 977 955
-277 743 112
-982 208 878
-663 -460 -12
819 -893 -96
299 -859 -976
-465 -233 -919
860 430 -190
585 -41 -205
-16 -469 143
-768 -677 -746
60 -158 410
623 431 -809
673 343 860
270 -707 -338
-435 -771 707
-839 270 -155
104 -519 402
361 -423 -24
[RUN #38 3 100]
892 -951 -778
332 -70 355
24 -1000 43
136 984 939
27 -514 -323
178 335 -385
-89 -30 719
979 242 -153
148 -205 791
-22 258 173
-151 -838 -6
-311 605 -528
207 227 -88
-342 733 -810
636 364 393
440 -39 -186
-287 258 -19
474 594 420
-162 -705 -32
569 -720 -768
-429 470 -510
-681 89 52
-808 90 -186
12 436 -116
-925 -841 -500
-290 6 -536
3 801 256
662 55 52
-719 761 -91
314 -300 -673
851 529 691
93 -603 -723
809 234 -259
214 -935 -721
-493 -111 842
421 552 948
857 903 -15
-475 -254 -560
-690 -426 433
24 -215 758
780 233 276
-472 -678 -223
129 821 -26
-197 583 -55
356 979 -448
754 697 910
929 -867 -434
-662 -785 485
893 217 758
-811 429 -253
-936 -702 -249
-234 -641 718
-388 -194 193
30 -691 561
870 613 -408
205 -649 -682
-186 -583 46
-841 -190 22
858 -669 794
331 281 -664
362 895 400
-969 98 -9
-466 -100 -805
-707 80 719
-546 815 -145
-881 940 -463
501 220 -170
-404 -967 -148
-1 620 947
-700 -19 488
-946 247 753
631 -284 -806
153 243 -872
880 -961 679
-527 -782 -496
8 453 82
874 -814 -867
-549 996 38
922 -584 -468
399 -782 -952
899 -52 -344
748 -147 -493
401 -828 507
255 841 238
648 307 -940
-277 -854 209
-697 -847 161
410 509 138
612 110 439
-86 -459 -44
162 -153 -25
-671 -701 11
-897 -117 -287
-821 430 100
-632 -669 -228
86 307 204
596 172 527
791 -598 -70
134 642 864
-745 502 836
[RUN #39 3 100]
472 204 -522
380 -660 -426
575 -73 361
-731 -293 107
-421 -950 -8
850 752 772
-614 837 -676
896 -359 999
-884 765 889
-762 375 191
-222 714 -733
-533 989 340
473 -683 652
965 -889 438
-44 -204 -538
570 -639 -930
306 -951 -104
-568 -412 652
-231 928 -382
-420 68 -835
736 -244 -891
902 -447 -424
-967 886 964
-28 -919 928
-937 -135 39
-708 -80 -437
-329 157 771
-529 304 675
-330 -167 -379
-782 -785 -264
40 691 982
974 911 -899
-825 -659 -288
491 893 -559
-356 970 -680
707 398 -956
-134 571 368
-671 171 820
424 216 795
531 -460 343
458 -237 -291
-864 264 -873
-587 268 526
261 -195 918
855 930 969
-289 -624 439
3 193 -852
818 163 630
-525 -532 420
614 -223 -987
831 350 -29
16 -751 436
539 -273 306
-564 301 690
65 -161 921
899 -242 890
957 -27 -533
421 382 -354
-500 542 -660
454 18 561
952 -539 -907
-566 63 221
-543 514 146
-347 704 -626
306 610 7
956 588 8
-227 -120 779
389 -315 -95
289 474 -437
496 -549 -58
322 553 402
-222 262 -128
-844 758 786
525 -790 -129
415 94 510
515 -663 -18
910 13 639
400 351 -314
125 900 -61
165 360 -740
-505 312 840
690 485 -816
987 -298 -524
-339 -644 107
689 295 370
569 -158 179
330 350 176
266 -858 27
905 952 -437
-520 0 330
-544 -499 264
-576 -562 163
-764 505 455
-79 129 -494
160 478 975
370 -244 -776
892 105 -295
899 786 -711
-224 -456 -618
7 -742 -479
[RUN #40 3 100]
491 -934 -669
873 341 -537
-153 -101 -305
712 754 211
869 98 -94
-423 -989 -864
-357 326 842
-123 422 270
454 -350 -940
718 -797 35
373 -945 751
150 505 -857
-751 494 183
428 311 -922
-246 -240 -470
-853 -596 -629
-773 -598 621
230 -891 -172
77 -924 620
531 -86 823
793 -75 747
734 288 520
-453 833 -268
579 -522 -816
315 491 -398
470 -784 708
-829 -353 -267
997 122 -48
-566 -586 -101
962 -871 442
-514 874 -983
-784 -669 446
767 -799 667
945 416 346
857 312 714
-309 -665 528
-427 806 755
196 118 552
-754 34 328
-462 786 -912
692 4 -338
362 215 208
-352 -395 -122
723 -593 583
-160 -713 -872
-646 -938 -448
-637 499 880
213 992 739
328 -847 -92
636 -261 -808
-151 234 -382
567 891 256
910 -576 617
756 -862 -428
103 572 95
-273 507 146
231 -149 149
77 -399 -941
-745 375 84
-63 766 -756
238 30 -313
442 484 -598
-462 382 182
49 -65 -329
81 392 -633
-632 823 766
-598 892 -616
692 250 227
-846 -886 962
147 351 -414
-423 609 -195
-146 35 369
368 -430 566
-458 -809 177
585 286 -157
553 -850 233
-839 -711 -286
-321 -889 -207
726 -334 355
494 141 710
961 -501 -53
486 870 413
-264 -514 -237
905 -302 297
734 502 991
-918 856 738
559 94 -534
-582 400 -192
802 361 -529
-803 -127 -665
595 -986 368
453 -333 -793
700 9 511
614 386 699
328 654 -176
-807 -563 -452
-865 846 134
-658 433 -271
63 -945 -865
-407 15 908
[RUN #41 3 100]
-328 472 680
392 -379 -886
-95 -424 868
-369 949 967
727 -816 -471
-688 -66 459
-964 -219 -553
378 595 -209
539 69 -667
153 126 931
-275 -617 -989
-810 4 -986
-601 -880 353
-442 606 613
-152 -56 129
-585 -135 401
-427 854 457
169 -133 249
-114 783 -352
206 -277 -295
209 548 746
990 -451 261
962 158 -829
785 109 62
685 -572 -603
801 -82 -955
-520 -513 -676
-542 38 26
-802 382 612
6 404 -640
807 263 560
-383 -250 780
186 -611 968
-768 572 83
-565 355 -899
634 -546 147
358 777 -889
378 -351 -273
-132 546 -205
-981 -427 -713
-250 -753 -576
632 404 -142
-47 -413 -957
-233 310 288
-258 -84 49
151 -524 -261
-696 -511 -897
-303 -158 -342
729 -223 154
-270 985 -657
836 904 -409
-171 581 729
230 898 310
944 -402 -216
879 -844 -427
-614 -428 -375
-554 199 788
970 23 -679
-97 -855 -432
705 398 -698
544 548 -793
-651 113 -733
618 916 938
933 -216 -709
-897 811 492
17 -69 230
765 -941 792
-609 -316 144
-652 51 775
-507 324 675
732 888 598
68 416 909
831 183 -290
681 -390 -387
290 -950 -892
954 -852 -611
-467 22 -73
-994 192 822
569 -901 -564
266 153 -152
948 -300 -229
-856 189 370
-434 -371 -540
-56 633 -834
818 858 24
300 664 -314
-893 -573 905
980 -878 859
-821 515 -255
694 351 -377
658 984 86
203 -569 489
-836 -319 -1000
-254 -270 -986
-222 706 -732
-130 -585 -26
816 -434 -865
-36 672 85
-46 126 -991
-365 -904 -784
[RUN #42 3 100]
-683 -597 912
430 -255 146
-276 -957 578
-41 150 -724
734 -960 -349
161 -659 151
-154 -757 -160
-643 146 310
-646 -848 -651
-822 455 453
766 705 996
270 -262 918
648 838 190
-313 734 -295
220 -147 633
856 -409 170
-545 -607 842
710 682 488
132 332 -332
-442 -558 873
-263 -475 -878
967 935 -468
-105 895 591
-599 -820 277
111 174 -11
383 -192 -876
-151 -631 -538
-690 711 -915
-100 -533 -995
-121 -718 -139
-59 -237 -859
-364 578 981
978 -396 -174
906 -989 536
927 834 34
669 742 -322
656 -489 742
-81 -550 562
-672 165 513
-908 600 -431
-394 356 351
68 698 -450
-880 365 668
-637 871 485
245 -5 278
-273 34 795
321 316 764
-315 -733 183
-99 -777 -261
-305 -433 737
756 -994 669
914 -755 -386
976 810 957
559 836 267
-136 -350 143
-971 -717 224
450 543 568
245 885 -935
-256 -272 -188
729 -150 -363
701 913 -489
779 -515 691
-577 -959 -371
416 -9 -288
-551 965 -526
-963 -982 -143
668 687 94
-947 501 810
228 -420 -982
640 375 -657
-106 -342 976
-130 -657 -850
-946 -594 389
790 504 203
168 178 820
795 -142 -309
837 -238 -112
401 358 210
-152 -923 863
-111 198 613
84 100 -569
278 638 643
-937 -607 -362
97 708 -973
625 999 -170
-350 -193 544
455 -789 -705
-661 -123 21
-925 793 -4
-642 -14 777
-411 -470 -15
32 -551 439
-493 -775 -201
-724 -597 474
-733 -935 -803
168 907 527
77 868 84
-193 662 -906
-288 635 57
-590 600 -348
[RUN #43 5 100]
-354 688 466 -541 -67
66 -264 251 -587 385
877 -572 -685 -753 -765
-746 -583 -417 -796 -805
-740 106 -448 399 -843
222 858 -92 214 -146
-57 196 799 72 908
517 110 -372 -377 -367
-651 -471 -728 84 834
-974 966 -803 -62 -696
-473 302 863 90 -580
-641 557 -529 551 -984
494 -329 -365 956 -158
-989 -778 102 -272 573
-160 -478 -172 22 -503
774 -398 -287 983 -71
-151 411 -317 542 -850
-655 -565 209 -490 498
946 -81 630 436 145
649 -445 163 762 303
729 132 -61 -326 -471
-789 239 542 896 -661
786 247 283 -697 891
166 -683 -212 -905 511
815 -146 -747 993 -976
-147 173 -930 374 651
-745 376 717 92 858
111 866 470 -986 62
645 -203 -9 605 -182
484 605 -757 -106 -616
572 -378 774 -511 541
919 534 -134 789 80
224 -609 887 218 982
-36 36 256 317 -337
-372 -115 -894 -152 661
399 -879 -520 -549 272
-167 -372 198 -533 581
-166 766 744 392 -693
-646 -104 -371 692 219
-508 108 -765 -641 867
406 -956 163 603 -540
-649 -177 61 -592 -358
-605 383 -717 -467 -745
-183 381 764 -693 -605
876 145 -438 455 337
-253 -276 423 -630 -477
-774 181 -150 674 445
292 781 -29 -880 417
243 83 43 -515 -636
-798 6 -908 610 304
514 -6 637 831 -196
188 -43 365 944 828
-624 417 704 289 -152
-112 -533 604 -878 268
-31 -549 -367 -642 -470
-426 -286 273 106 -308
-898 -823 -186 117 366
-794 -849 19 -68 -472
-559 478 -466 -425 -806
-629 -1000 290 1 88
-715 496 -464 -801 -955
808 4 -577 -200 962
617 368 -543 81 -504
-721 327 -708 652 -550
-800 -397 297 5 -618
547 -185 267 -932 739
660 66 -774 -106 556
-664 -15 -694 266 -235
-320 423 -120 -411 233
-286 -639 -320 406 278
-502 435 940 574 -590
-792 121 193 551 -240
568 798 -305 -1 275
599 689 823 446 -175
895 548 -41 9 -313
665 397 -693 -934 794
386 680 318 -831 253
970 962 957 21 243
719 636 334 373 -834
47 -864 798 -26 -451
-782 -798 793 164 -361
-58 -895 892 431 25
597 593 529 766 -112
-842 -87 805 -771 519
50 -201 739 133 -896
-201 200 467 -734 -469
-681 -234 486 -131 -310
665 883 -684 214 -35
763 635 -256 -462 -802
759 -395 991 -464 719
-777 -869 -478 312 78
-805 569 -304 -564 -769
-202 138 -172 615 -308
-76 786 -333 -550 497
-765 -9 -854 -394 -582
730 -282 -245 159 245
-536 -149 546 558 7
-863 -974 -839 -209 827
444 29 999 -527 876
304 -825 -707 -807 -19
